<?xml version="1.0" encoding="UTF-8"?>
<!-- Generated by org.testng.reporters.JUnitReportReporter -->
<testsuite skipped="0" hostname="DESKTOP-MAF27AG" name="com.crm.testcases.HomePageTest" tests="2" failures="0" timestamp="20 Mar 2021 09:22:56 GMT" time="31.781" errors="0">
  <testcase name="ContactsLinkTest" time="16.582" classname="com.crm.testcases.HomePageTest"/>
  <testcase name="HomePageTitleTest" time="15.199" classname="com.crm.testcases.HomePageTest"/>
</testsuite> <!-- com.crm.testcases.HomePageTest -->
