<?xml version="1.0" encoding="UTF-8"?>
<!-- Generated by org.testng.reporters.JUnitReportReporter -->
<testsuite skipped="0" hostname="DESKTOP-MAF27AG" name="com.crm.testcases.HomePageTest" tests="2" failures="0" timestamp="20 Mar 2021 18:06:59 GMT" time="34.006" errors="0">
  <testcase name="HomePageTitleTest" time="13.490" classname="com.crm.testcases.HomePageTest"/>
  <testcase name="ContactsLinkTest" time="20.516" classname="com.crm.testcases.HomePageTest"/>
</testsuite> <!-- com.crm.testcases.HomePageTest -->
