<?xml version="1.0" encoding="UTF-8"?>
<!-- Generated by org.testng.reporters.JUnitReportReporter -->
<testsuite skipped="0" hostname="DESKTOP-MAF27AG" name="com.crm.testcases.HomePageTest" tests="2" failures="0" timestamp="20 Mar 2021 17:48:16 GMT" time="26.733" errors="0">
  <testcase name="ContactsLinkTest" time="13.591" classname="com.crm.testcases.HomePageTest"/>
  <testcase name="HomePageTitleTest" time="13.142" classname="com.crm.testcases.HomePageTest"/>
</testsuite> <!-- com.crm.testcases.HomePageTest -->
